<?xml version="1.0" encoding="UTF-8"?>
<testsuite xmlns:xsi="http://www.w3.org/2001/XMLSchema-instance" xsi:noNamespaceSchemaLocation="https://maven.apache.org/surefire/maven-surefire-plugin/xsd/surefire-test-report-3.0.xsd" version="3.0" name="com.battleship.logic.ShipTest" time="0.004" tests="4" errors="0" skipped="0" failures="0">
  <properties>
[...]
</properties>
  <testcase name="registerHit" classname="com.battleship.logic.ShipTest" time="0.001"/>
  <testcase name="testlength" classname="com.battleship.logic.ShipTest" time="0.0"/>
  <testcase name="testsunk" classname="com.battleship.logic.ShipTest" time="0.0"/>
  <testcase name="testCoordinates" classname="com.battleship.logic.ShipTest" time="0.0"/>
</testsuite>